
05/12/2022 20:58:01 : Origen -> MadridDestino->Valencia se hace en driving
05/12/2022 20:58:19 : Origen -> MadridDestino->Valencia se hace en driving
05/12/2022 20:59:00 : Origen -> MadridDestino->Valencia se hace en driving
05/12/2022 21:01:46 : Origen -> MadridDestino->Valencia se hace en driving
05/12/2022 21:12:52 : Desde Madrid HastaValencia en coche
05/12/2022 21:13:20 : Desde Madird HastaValencia en coche
05/12/2022 21:13:42 : Desde Madrid HastaZamora en coche
05/12/2022 21:14:08 : Desde Madrid HastaZamora en coche
05/12/2022 21:14:16 : Desde Madrid HastaZamora en coche
05/12/2022 21:14:31 : Desde Madrid HastaZamora en coche
05/12/2022 21:15:29 : Desde Madird HastaZamora en coche
05/12/2022 21:16:10 : Desde Madid HastaZamora en coche
05/12/2022 21:16:50 : Desde Madird HastaZamora en coche
05/12/2022 21:17:21 : Desde Madrid HastaZamora en coche
05/12/2022 21:17:35 : Desde Madird HastaZamora en coche
05/12/2022 21:18:05 : Desde Zamora HastaMadrid en coche
05/12/2022 21:20:46 : Desde Madird HastaBarcelona en coche
05/12/2022 21:22:02 : Desde Madrid HastaBarcelona en coche
05/12/2022 21:25:20 : Desde Madrid HastaValencia en coche
05/12/2022 21:26:43 : Desde Valencia HastaZamora en coche
05/12/2022 21:27:22 : Desde Madird HastaBarcelona en coche
05/12/2022 21:28:02 : Desde Madrid HastaValencia en coche
05/12/2022 21:29:08 : Desde Madrid HastaValencia en coche
05/12/2022 21:29:37 : Desde Madird HastaValencia en coche
05/12/2022 21:30:54 : Desde Madrid HastaBarclona en coche
05/12/2022 21:31:15 : Desde Madrid HastaBarclona en coche
05/12/2022 21:32:09 : Desde Madrid HastaBarclona en coche
05/12/2022 21:32:23 : Desde Madrid HastaBarclona en coche
05/12/2022 21:32:29 : Desde Madrid HastaBarclona en coche
05/12/2022 21:32:55 : Desde Madrid HastaBarclona en coche
05/12/2022 21:33:00 : Desde Madrid HastaBarclona en coche
05/12/2022 21:33:56 : Desde Madrid HastaBarclona en coche
05/12/2022 21:35:01 : Desde Madrid HastaBarclona en coche
05/12/2022 21:35:09 : Desde Madrid HastaBarclona en coche
05/12/2022 21:35:40 : Desde Madrid HastaBarclona en coche
05/12/2022 21:35:53 : Desde Madrid HastaBarclona en coche
05/12/2022 21:36:00 : Desde Madrid HastaBarclona en coche
05/12/2022 21:36:05 : Desde Madrid HastaBarclona en coche
05/12/2022 21:36:31 : Desde Madrid HastaBarclona en coche
05/12/2022 21:36:56 : Desde Madrid HastaBarclona en coche
05/12/2022 21:37:06 : Desde Madrid HastaBarclona en coche
05/12/2022 21:39:52 : Desde Madrid HastaBarclona en coche
05/12/2022 21:40:15 : Desde Madrid HastaBarclona en coche
05/12/2022 21:41:41 : Desde Madrid HastaBarcelona en coche	La distancia es:626 km y se tarda6 hours 8 mins
05/12/2022 21:42:03 : Desde Verin HastaZamora en coche	La distancia es:194 km y se tarda2 hours 19 mins
05/12/2022 21:42:50 : Desde Zamora\t HastaVillalpando\t en bicicleta	La distancia es:54.7 km y se tarda2 hours 47 mins
05/12/2022 21:43:29 : Desde Valencia	 HastaVigo\t en andando	La distancia es:937 km y se tarda8 days 1 hour
05/12/2022 21:48:35 : Desde Valencia	 Hasta Vigo	 en coche	La distancia es:954 km y se tarda8 hours 56 mins
05/12/2022 21:48:50 : Desde Valencia	 Hasta Santander	andando	La distancia es: y se tarda
05/12/2022 21:49:48 : Desde Valencia	 Hasta Santander	andando	La distancia es: y se tarda
05/12/2022 21:50:56 : Desde Vigo	 Hasta Verin	andando	La distancia es:146 km y se tarda1 day 7 hours
05/12/2022 22:27:19 : Desde España	 Hasta Paris	 en coche	La distancia es:1,271 km y se tarda12 hours 0 mins